<?xml version="1.0" encoding="UTF-8"?>
<!-- Generated by org.testng.reporters.JUnitXMLReporter -->
<testsuite hostname="7road-wuguo" ignored="0" name="testng3" tests="4" failures="0" timestamp="08 二月 2018 03:35:10 GMT" time="0.059" errors="0">
  <testcase name="testSubModele4" time="0.01" classname="wu.guo.one.Testng3"/>
  <testcase name="testSubModule1" time="0.006" classname="wu.guo.one.Testng3"/>
  <testcase name="testSubModule2" time="0.002" classname="wu.guo.one.Testng3"/>
  <testcase name="testSubModule3" time="0.002" classname="wu.guo.one.Testng3"/>
</testsuite> <!-- testng3 -->
