<?xml version="1.0" encoding="UTF-8"?>
<!-- Generated by org.testng.reporters.JUnitXMLReporter -->
<testsuite hostname="7road-wuguo" ignored="5" name="test3" tests="1" failures="0" timestamp="07 二月 2018 03:47:44 GMT" time="0.025" errors="0">
  <testcase name="bSlowTest" time="0.004" classname="wu.guo.one.Testng2"/>
  <testcase name="test1" time="0.0" classname="wu.guo.one.Testng1">
    <ignored/>
  </testcase> <!-- test1 -->
  <testcase name="aFastTest" time="0.0" classname="wu.guo.one.Testng2">
    <ignored/>
  </testcase> <!-- aFastTest -->
  <testcase name="test4" time="0.0" classname="wu.guo.one.Testng1">
    <ignored/>
  </testcase> <!-- test4 -->
  <testcase name="test3" time="0.0" classname="wu.guo.one.Testng1">
    <ignored/>
  </testcase> <!-- test3 -->
  <testcase name="test2" time="0.0" classname="wu.guo.one.Testng1">
    <ignored/>
  </testcase> <!-- test2 -->
</testsuite> <!-- test3 -->
