<?xml version="1.0" encoding="UTF-8"?>
<!-- Generated by org.testng.reporters.JUnitXMLReporter -->
<testsuite hostname="7road-wuguo" ignored="2" name="work" tests="2" failures="0" timestamp="08 二月 2018 04:26:51 GMT" time="40.063" errors="0">
  <testcase name="submodule2" time="1.218" classname="wu.guo.two.work.MutipleBrowsers"/>
  <testcase name="submodule3" time="1.805" classname="wu.guo.two.work.MutipleBrowsers"/>
  <testcase name="submodule4" time="0.0" classname="wu.guo.two.work.MutipleBrowsers">
    <ignored/>
  </testcase> <!-- submodule4 -->
  <testcase name="submodule1" time="0.0" classname="wu.guo.two.work.MutipleBrowsers">
    <ignored/>
  </testcase> <!-- submodule1 -->
</testsuite> <!-- work -->
