<?xml version="1.0" encoding="UTF-8"?>
<!-- Generated by org.testng.reporters.JUnitXMLReporter -->
<testsuite hostname="7road-wuguo" ignored="2" name="Practice1" tests="2" failures="0" timestamp="08 二月 2018 04:17:14 GMT" time="0.458" errors="0">
  <testcase name="@BeforeMethod inital" time="0.403" classname="wu.guo.two.work.MutipleBrowsers">
    <failure type="java.lang.NullPointerException">
      <![CDATA[java.lang.NullPointerExceptionat wu.guo.two.launch.Browsers.<init>(Browsers.java:46)at wu.guo.two.work.MutipleBrowsers.inital(MutipleBrowsers.java:21)... Removed 28 stack frames]]>
    </failure>
  </testcase> <!-- @BeforeMethod inital -->
  <testcase name="@AfterMethod release" time="0.0" classname="wu.guo.two.work.MutipleBrowsers">
    <skipped/>
  </testcase> <!-- @AfterMethod release -->
  <testcase name="@BeforeMethod inital" time="0.0" classname="wu.guo.two.work.MutipleBrowsers">
    <skipped/>
  </testcase> <!-- @BeforeMethod inital -->
  <testcase name="@AfterMethod release" time="0.0" classname="wu.guo.two.work.MutipleBrowsers">
    <skipped/>
  </testcase> <!-- @AfterMethod release -->
  <testcase name="submodule2" time="0.0" classname="wu.guo.two.work.MutipleBrowsers">
    <skipped/>
  </testcase> <!-- submodule2 -->
  <testcase name="submodule3" time="0.0" classname="wu.guo.two.work.MutipleBrowsers">
    <skipped/>
  </testcase> <!-- submodule3 -->
  <testcase name="submodule4" time="0.0" classname="wu.guo.two.work.MutipleBrowsers">
    <ignored/>
  </testcase> <!-- submodule4 -->
  <testcase name="submodule1" time="0.0" classname="wu.guo.two.work.MutipleBrowsers">
    <ignored/>
  </testcase> <!-- submodule1 -->
</testsuite> <!-- Practice1 -->
