<?xml version="1.0" encoding="UTF-8"?>
<testng-results skipped="0" failed="0" ignored="0" total="1" passed="1">
  <reporter-output>
  </reporter-output>
  <suite name="wu.guo" duration-ms="37" started-at="2018-02-08T10:10:46Z" finished-at="2018-02-08T10:10:46Z">
    <groups>
    </groups>
    <test name="guowu" duration-ms="37" started-at="2018-02-08T10:10:46Z" finished-at="2018-02-08T10:10:46Z">
      <class name="wu.guo.four.Practice1OnTestNG">
        <test-method status="PASS" signature="test(java.lang.String)[pri:0, instance:wu.guo.four.Practice1OnTestNG@2befdb3]" name="test" duration-ms="11" started-at="2018-02-08T18:10:46Z" finished-at="2018-02-08T18:10:46Z">
          <params>
            <param index="0">
              <value>
                <![CDATA[\tool\test.properties]]>
              </value>
            </param>
          </params>
          <reporter-output>
          </reporter-output>
        </test-method> <!-- test -->
      </class> <!-- wu.guo.four.Practice1OnTestNG -->
    </test> <!-- guowu -->
  </suite> <!-- wu.guo -->
</testng-results>
